
**** 12/19/24 15:30:31 ***** PSpice 16.6.0 (October 2012) ***** ID# 0 ********

 ** Profile: "SCHEMATIC1-bias"  [ C:\Cadence\SPB_16.6\tools\capture\adder_fillter_comparator-pspicefiles\schematic1\bias.sim ] 


 ****     CIRCUIT DESCRIPTION


******************************************************************************




** Creating circuit file "bias.cir" 
** WARNING: THIS AUTOMATICALLY GENERATED FILE MAY BE OVERWRITTEN BY SUBSEQUENT SIMULATIONS

*Libraries: 
* Profile Libraries :
* Local Libraries :
* From [PSPICE NETLIST] section of C:\Cadence\SPB_Data\cdssetup\OrCAD_PSpice/16.6.0/PSpice.ini file:
.lib "nom.lib" 

*Analysis directives: 
.AC DEC 10 1 10000000
.OPTIONS ADVCONV
.PROBE64 V(alias(*)) I(alias(*)) W(alias(*)) D(alias(*)) NOISE(alias(*)) 
.INC "..\SCHEMATIC1.net" 



**** INCLUDING SCHEMATIC1.net ****
* source ADDER_FILLTER_COMPARATOR
V_ui1         N02437 0  AC 0
+SIN 0 0.1 500 0 0 0
V_V1         N02233 0 12
R_R4         N02994 UI2  10k TC=0,0 
V_V2         N02485 0  
+PULSE -1.6 1.6 0 0.25m 0.25m 0 0.5m
R_R2         N02485 UO1  10k TC=0,0 
R_R1         N02437 UO1  1k TC=0,0 
R_R3         0 N02994  1k TC=0,0 
X_U1A         UO1 N02994 N02233 N03145 UI2 LM324
V_V3         N03145 0 -12
R_R10         UI2 N04084  5.3k  
R_R11         N04084 N04839  5.3k  
C_C1         0 N04839  10n  
C_C2         N04084 UO  10n  
X_U1B         N04839 N05021 N04204 N040404 UO LM324
R_R12         N05021 UO  1k  
R_R13         0 N05021  10k  
V_V7         N040404 0 -12
V_V8         N04204 0 12
V_V10         N07357 0 12
X_U2B         N09295 N09434 N07357 N072914 UO2 LM324
V_V9         N072914 0 -12
X_U2C         UO2 UO1 N08779 0 N08958 LM324
V_V11         N08779 0 15
R_R18         N08958 0  1k  
R_R19         N08958 N08779  10k  
C_C3         UO N09282  10n  
C_C4         N09282 N09295  10n  
R_R20         0 N09295  16k  
R_R21         UO2 N09282  16k  
R_R22         0 N09434  10k  
R_R23         N09434 UO2  1k  
R_R40         N14676 N14722  5k  
V_V29         N14840 0 DC 0Vdc AC 1 
R_R41         N14840 N14808  6.4k  
X_U6A         N14742 N14752 N14990 N15000 N14766 LM324
R_R44         N14752 0  1k  
V_V27         N14990 0 12
R_R42         0 N14742  11k  
C_C8         N14722 N14742  10n  
R_R43         N14752 N14766  5k  
V_V28         N15000 0 -12
V_V25         N14970 0 12
R_R45         0 N14676  1k  
X_U5D         N14676 N14808 N14970 N14980 N14722 LM324
C_C7         0 N14808  10n  
V_V26         N14980 0 -12
R_R46         0 N14766  1k  
X_U6B         N18295 N18389 N180183 N180184 N18309 LM324
X_U6C         N18317 N18358 N18741 N18748 N18344 LM324
C_C9         N18425 N18401  10n  
C_C10         N18401 N18295  10n  
C_C11         N18313 N18344  10n  
C_C12         0 N18317  10n  
R_R47         N18401 N18309  32k  
R_R48         0 N18295  32k  
R_R49         N18389 N18309  5.7k  
R_R50         0 N18389  10k  
R_R51         N18309 N18313  2k  
R_R52         N18313 N18317  2k  
R_R53         N18358 N18344  5.7k  
R_R54         0 N18358  10k  
V_V30         N18748 0 -12
V_V31         N18741 0 12
V_V32         N180183 0 12
V_V33         N180184 0 -12
R_R55         0 N18344  1k  
V_V34         N18425 0 DC 0Vdc AC 1Vac 
R_R56         N20282 N20204  16k  
C_C14         N20282 N20170  10n  
V_V37         N199123 0 12
C_C15         N20208 N20240  10n  
V_V35         N20490 0 -12
R_R60         N20204 N20208  5.3k  
R_R64         0 N20240  100k  
C_C16         0 N20212  10n  
X_U7C         N20212 N22326 N20480 N20490 N20240 LM324
V_V36         N20480 0 12
R_R57         0 N20170  16k  
C_C13         UI2 N20282  10n  
V_V38         N199124 0 -12
X_U7B         N20170 N20332 N199123 N199124 N20204 LM324
R_R61         N20208 N20212  5.3k  
R_R67         0 N21685  1k TC=0,0 
V_V42         N21731 0 -12
R_R66         N21647 UO1  10k TC=0,0 
V_V41         N21647 0  
+PULSE -1.6 1.6 0 0.25m 0.25m 0 0.5m
R_R68         N21685 UI2  10k TC=0,0 
R_R65         N21597 UO1  1k TC=0,0 
V_V40         N21393 0 12
V_ui2         N21597 0  AC 0
+SIN 0 0.1 500 0 0 0
X_U7D         UO1 N21685 N21393 N21731 UI2 LM324
R_R69         N20332 N20204  5.7k  
R_R70         0 N20332  10k  
R_R71         N22326 N20240  5.7k  
R_R72         0 N22326  10k  

**** RESUMING bias.cir ****
.END

**** 12/19/24 15:30:31 ***** PSpice 16.6.0 (October 2012) ***** ID# 0 ********

 ** Profile: "SCHEMATIC1-bias"  [ C:\Cadence\SPB_16.6\tools\capture\adder_fillter_comparator-pspicefiles\schematic1\bias.sim ] 


 ****     Diode MODEL PARAMETERS


******************************************************************************




               X_U1A.dx        X_U1A.dy        X_U1B.dx        X_U1B.dy        
          IS  800.000000E-18  800.000000E-18  800.000000E-18  800.000000E-18 
          RS    1               1.000000E-03    1               1.000000E-03 
         CJO                   10.000000E-12                   10.000000E-12 


               X_U2B.dx        X_U2B.dy        X_U2C.dx        X_U2C.dy        
          IS  800.000000E-18  800.000000E-18  800.000000E-18  800.000000E-18 
          RS    1               1.000000E-03    1               1.000000E-03 
         CJO                   10.000000E-12                   10.000000E-12 


               X_U6A.dx        X_U6A.dy        X_U5D.dx        X_U5D.dy        
          IS  800.000000E-18  800.000000E-18  800.000000E-18  800.000000E-18 
          RS    1               1.000000E-03    1               1.000000E-03 
         CJO                   10.000000E-12                   10.000000E-12 


               X_U6B.dx        X_U6B.dy        X_U6C.dx        X_U6C.dy        
          IS  800.000000E-18  800.000000E-18  800.000000E-18  800.000000E-18 
          RS    1               1.000000E-03    1               1.000000E-03 
         CJO                   10.000000E-12                   10.000000E-12 


               X_U7C.dx        X_U7C.dy        X_U7B.dx        X_U7B.dy        
          IS  800.000000E-18  800.000000E-18  800.000000E-18  800.000000E-18 
          RS    1               1.000000E-03    1               1.000000E-03 
         CJO                   10.000000E-12                   10.000000E-12 


               X_U7D.dx        X_U7D.dy        
          IS  800.000000E-18  800.000000E-18 
          RS    1               1.000000E-03 
         CJO                   10.000000E-12 


**** 12/19/24 15:30:31 ***** PSpice 16.6.0 (October 2012) ***** ID# 0 ********

 ** Profile: "SCHEMATIC1-bias"  [ C:\Cadence\SPB_16.6\tools\capture\adder_fillter_comparator-pspicefiles\schematic1\bias.sim ] 


 ****     BJT MODEL PARAMETERS


******************************************************************************




               X_U1A.qx        X_U1B.qx        X_U2B.qx        X_U2C.qx        
               PNP             PNP             PNP             PNP             
       LEVEL    1               1               1               1            
          IS  800.000000E-18  800.000000E-18  800.000000E-18  800.000000E-18 
          BF  166.7           166.7           166.7           166.7          
          NF    1               1               1               1            
          BR    1               1               1               1            
          NR    1               1               1               1            
         ISS    0               0               0               0            
          RE    0               0               0               0            
          RC    0               0               0               0            
         CJE    0               0               0               0            
         VJE     .75             .75             .75             .75         
         CJC    0               0               0               0            
         VJC     .75             .75             .75             .75         
         MJC     .33             .33             .33             .33         
        XCJC    1               1               1               1            
         CJS    0               0               0               0            
         VJS     .75             .75             .75             .75         
          KF    0               0               0               0            
          AF    1               1               1               1            
          CN    2.2             2.2             2.2             2.2          
           D     .52             .52             .52             .52         


               X_U6A.qx        X_U5D.qx        X_U6B.qx        X_U6C.qx        
               PNP             PNP             PNP             PNP             
       LEVEL    1               1               1               1            
          IS  800.000000E-18  800.000000E-18  800.000000E-18  800.000000E-18 
          BF  166.7           166.7           166.7           166.7          
          NF    1               1               1               1            
          BR    1               1               1               1            
          NR    1               1               1               1            
         ISS    0               0               0               0            
          RE    0               0               0               0            
          RC    0               0               0               0            
         CJE    0               0               0               0            
         VJE     .75             .75             .75             .75         
         CJC    0               0               0               0            
         VJC     .75             .75             .75             .75         
         MJC     .33             .33             .33             .33         
        XCJC    1               1               1               1            
         CJS    0               0               0               0            
         VJS     .75             .75             .75             .75         
          KF    0               0               0               0            
          AF    1               1               1               1            
          CN    2.2             2.2             2.2             2.2          
           D     .52             .52             .52             .52         


               X_U7C.qx        X_U7B.qx        X_U7D.qx        
               PNP             PNP             PNP             
       LEVEL    1               1               1            
          IS  800.000000E-18  800.000000E-18  800.000000E-18 
          BF  166.7           166.7           166.7          
          NF    1               1               1            
          BR    1               1               1            
          NR    1               1               1            
         ISS    0               0               0            
          RE    0               0               0            
          RC    0               0               0            
         CJE    0               0               0            
         VJE     .75             .75             .75         
         CJC    0               0               0            
         VJC     .75             .75             .75         
         MJC     .33             .33             .33         
        XCJC    1               1               1            
         CJS    0               0               0            
         VJS     .75             .75             .75         
          KF    0               0               0            
          AF    1               1               1            
          CN    2.2             2.2             2.2          
           D     .52             .52             .52         


**** 12/19/24 15:30:31 ***** PSpice 16.6.0 (October 2012) ***** ID# 0 ********

 ** Profile: "SCHEMATIC1-bias"  [ C:\Cadence\SPB_16.6\tools\capture\adder_fillter_comparator-pspicefiles\schematic1\bias.sim ] 


 ****     Current Controlled Switch MODEL PARAMETERS


******************************************************************************




               X_U1A.sw2       X_U1A.sw1       X_U1A.sw3       X_U1A.sw4       
         RON    1               1               1               1            
        ROFF   10.000000E+06   10.000000E+06   10.000000E+06   10.000000E+06 
         ION    0              -1.000000E-06   -1.000000E-06    0            
        IOFF   -1.000000E-06    0               0              -1.000000E-06 


               X_U1B.sw2       X_U1B.sw1       X_U1B.sw3       X_U1B.sw4       
         RON    1               1               1               1            
        ROFF   10.000000E+06   10.000000E+06   10.000000E+06   10.000000E+06 
         ION    0              -1.000000E-06   -1.000000E-06    0            
        IOFF   -1.000000E-06    0               0              -1.000000E-06 


               X_U2B.sw2       X_U2B.sw1       X_U2B.sw3       X_U2B.sw4       
         RON    1               1               1               1            
        ROFF   10.000000E+06   10.000000E+06   10.000000E+06   10.000000E+06 
         ION    0              -1.000000E-06   -1.000000E-06    0            
        IOFF   -1.000000E-06    0               0              -1.000000E-06 


               X_U2C.sw2       X_U2C.sw1       X_U2C.sw3       X_U2C.sw4       
         RON    1               1               1               1            
        ROFF   10.000000E+06   10.000000E+06   10.000000E+06   10.000000E+06 
         ION    0              -1.000000E-06   -1.000000E-06    0            
        IOFF   -1.000000E-06    0               0              -1.000000E-06 


               X_U6A.sw2       X_U6A.sw1       X_U6A.sw3       X_U6A.sw4       
         RON    1               1               1               1            
        ROFF   10.000000E+06   10.000000E+06   10.000000E+06   10.000000E+06 
         ION    0              -1.000000E-06   -1.000000E-06    0            
        IOFF   -1.000000E-06    0               0              -1.000000E-06 


               X_U5D.sw2       X_U5D.sw1       X_U5D.sw3       X_U5D.sw4       
         RON    1               1               1               1            
        ROFF   10.000000E+06   10.000000E+06   10.000000E+06   10.000000E+06 
         ION    0              -1.000000E-06   -1.000000E-06    0            
        IOFF   -1.000000E-06    0               0              -1.000000E-06 


               X_U6B.sw2       X_U6B.sw1       X_U6B.sw3       X_U6B.sw4       
         RON    1               1               1               1            
        ROFF   10.000000E+06   10.000000E+06   10.000000E+06   10.000000E+06 
         ION    0              -1.000000E-06   -1.000000E-06    0            
        IOFF   -1.000000E-06    0               0              -1.000000E-06 


               X_U6C.sw2       X_U6C.sw1       X_U6C.sw3       X_U6C.sw4       
         RON    1               1               1               1            
        ROFF   10.000000E+06   10.000000E+06   10.000000E+06   10.000000E+06 
         ION    0              -1.000000E-06   -1.000000E-06    0            
        IOFF   -1.000000E-06    0               0              -1.000000E-06 


               X_U7C.sw2       X_U7C.sw1       X_U7C.sw3       X_U7C.sw4       
         RON    1               1               1               1            
        ROFF   10.000000E+06   10.000000E+06   10.000000E+06   10.000000E+06 
         ION    0              -1.000000E-06   -1.000000E-06    0            
        IOFF   -1.000000E-06    0               0              -1.000000E-06 


               X_U7B.sw2       X_U7B.sw1       X_U7B.sw3       X_U7B.sw4       
         RON    1               1               1               1            
        ROFF   10.000000E+06   10.000000E+06   10.000000E+06   10.000000E+06 
         ION    0              -1.000000E-06   -1.000000E-06    0            
        IOFF   -1.000000E-06    0               0              -1.000000E-06 


               X_U7D.sw2       X_U7D.sw1       X_U7D.sw3       X_U7D.sw4       
         RON    1               1               1               1            
        ROFF   10.000000E+06   10.000000E+06   10.000000E+06   10.000000E+06 
         ION    0              -1.000000E-06   -1.000000E-06    0            
        IOFF   -1.000000E-06    0               0              -1.000000E-06 


**** 12/19/24 15:30:31 ***** PSpice 16.6.0 (October 2012) ***** ID# 0 ********

 ** Profile: "SCHEMATIC1-bias"  [ C:\Cadence\SPB_16.6\tools\capture\adder_fillter_comparator-pspicefiles\schematic1\bias.sim ] 


 ****     SMALL SIGNAL BIAS SOLUTION       TEMPERATURE =   27.000 DEG C


******************************************************************************



 NODE   VOLTAGE     NODE   VOLTAGE     NODE   VOLTAGE     NODE   VOLTAGE


(   UO)   -1.7602  (  UI2)   -1.6010  (  UO1)    -.1454  (  UO2) 530.3E-06      

(N02233)   12.0000 (N02437)    0.0000 (N02485)   -1.6000 (N02994)    -.1455     

(N03145)  -12.0000 (N04084)   -1.6007 (N04204)   12.0000 (N04839)   -1.6005     

(N05021)   -1.6002 (N07357)   12.0000 (N08779)   15.0000 (N08958)   14.3050     

(N09282) 530.3E-06 (N09295) 715.7E-06 (N09434) 523.0E-06 (N14676) 480.4E-06     

(N14722)     .0027 (N14742) 492.1E-06 (N14752) 299.4E-06 (N14766)     .0016     

(N14808) 287.7E-06 (N14840)    0.0000 (N14970)   12.0000 (N14980)  -12.0000     

(N14990)   12.0000 (N15000)  -12.0000 (N18295)     .0014 (N18309)     .0017     

(N18313)     .0018 (N18317)     .0019 (N18344)     .0024 (N18358)     .0017     

(N18389)     .0012 (N18401)     .0017 (N18425)    0.0000 (N18741)   12.0000     

(N18748)  -12.0000 (N20170) 715.7E-06 (N20204) 564.9E-06 (N20208) 802.0E-06     

(N20212)     .0010 (N20240)     .0011 (N20282) 564.9E-06 (N20332) 523.0E-06     

(N20480)   12.0000 (N20490)  -12.0000 (N21393)   12.0000 (N21597)    0.0000     

(N21647)   -1.6000 (N21685)    -.1455 (N21731)  -12.0000 (N22326) 846.2E-06     

(N040404)  -12.0000                   (N072914)  -12.0000                       

(N180183)   12.0000                   (N180184)  -12.0000                       

(N199123)   12.0000                   (N199124)  -12.0000                       

(X_U1A.6) 303.9E-06                   (X_U1A.7)   -1.6083                       

(X_U1A.8)   -1.6083                   (X_U1A.9)    0.0000                       

(X_U1A.a) 146.8E-06                   (X_U1A.b)  -12.0000                       

(X_U1B.6) 334.1E-06                   (X_U1B.7)   -1.7682                       

(X_U1B.8)   -1.7682                   (X_U1B.9)    0.0000                       

(X_U1B.a) 161.3E-06                   (X_U1B.b)  -12.0000                       

(X_U2B.6)-100.3E-09                   (X_U2B.7) 530.7E-06                       

(X_U2B.8) 530.7E-06                   (X_U2B.9)    0.0000                       

(X_U2B.a)   12.0000                   (X_U2B.b)-1.206E-06                       

(X_U2C.6)   -1.5618                   (X_U2C.7)   16.3360                       

(X_U2C.8)   16.3360                   (X_U2C.9)    0.0000                       

(X_U2C.a)   14.9590                   (X_U2C.b)    -.0406                       

(X_U5D.6)-507.6E-09                   (X_U5D.7)     .0027                       

(X_U5D.8)     .0027                   (X_U5D.9)    0.0000                       

(X_U5D.a)   12.0000                   (X_U5D.b)-1.636E-06                       

(X_U6A.6)-322.7E-09                   (X_U6A.7)     .0017                       

(X_U6A.8)     .0017                   (X_U6A.9)    0.0000                       

(X_U6A.a)   12.0000                   (X_U6A.b)-3.026E-06                       

(X_U6B.6)-319.0E-09                   (X_U6B.7)     .0017                       

(X_U6B.8)     .0017                   (X_U6B.9)    0.0000                       

(X_U6B.a)   12.0000                   (X_U6B.b)-1.234E-06                       

(X_U6C.6)-483.1E-09                   (X_U6C.7)     .0025                       

(X_U6C.8)     .0025                   (X_U6C.9)    0.0000                       

(X_U6C.a)   12.0000                   (X_U6C.b)-3.694E-06                       

(X_U7B.6)-106.2E-09                   (X_U7B.7) 563.0E-06                       

(X_U7B.8) 563.0E-06                   (X_U7B.9)    0.0000                       

(X_U7B.a)   12.0000                   (X_U7B.b)-1.329E-06                       

(X_U7C.6)-203.1E-09                   (X_U7C.7)     .0011                       

(X_U7C.8)     .0011                   (X_U7C.9)    0.0000                       

(X_U7C.a)   12.0000                   (X_U7C.b)-1.250E-06                       

(X_U7D.6) 303.9E-06                   (X_U7D.7)   -1.6083                       

(X_U7D.8)   -1.6083                   (X_U7D.9)    0.0000                       

(X_U7D.a) 146.8E-06                   (X_U7D.b)  -12.0000                       

(X_U1A.10)     .4623                  (X_U1A.11)  -11.9600                      

(X_U1A.12)  -11.9600                  (X_U1A.13)     .4484                      

(X_U1A.14)     .4484                  (X_U1A.53)   10.5000                      

(X_U1A.54)  -11.1780                  (X_U1A.90)    -.1456                      

(X_U1A.91)   40.0000                  (X_U1A.92)  -40.0000                      

(X_U1A.99)    0.0000                  (X_U1B.10)    -.9923                      

(X_U1B.11)  -11.9600                  (X_U1B.12)  -11.9600                      

(X_U1B.13)   -1.0063                  (X_U1B.14)   -1.0064                      

(X_U1B.53)   10.5000                  (X_U1B.54)  -11.1780                      

(X_U1B.90)    -.1601                  (X_U1B.91)   40.0000                      

(X_U1B.92)  -40.0000                  (X_U1B.99)    0.0000                      

(X_U2B.10)     .6083                  (X_U2B.11)  -11.9600                      

(X_U2B.12)  -11.9600                  (X_U2B.13)     .5944                      

(X_U2B.14)     .5945                  (X_U2B.53)   10.5000                      

(X_U2B.54)  -11.1780                  (X_U2B.90) 6.376E-06                      

(X_U2B.91)   40.0000                  (X_U2B.92)  -40.0000                      

(X_U2B.99)    0.0000                  (X_U2C.10)     .4956                      

(X_U2C.11)     .0815                  (X_U2C.12) 861.0E-06                      

(X_U2C.13)     .4671                  (X_U2C.14)     .4953                      

(X_U2C.53)   13.5000                  (X_U2C.54)     .8220                      

(X_U2C.90)   40.6120                  (X_U2C.91)   40.0000                      

(X_U2C.92)  -40.0000                  (X_U2C.99)    7.5000                      

(X_U5D.10)     .6081                  (X_U5D.11)  -11.9600                      

(X_U5D.12)  -11.9600                  (X_U5D.13)     .5941                      

(X_U5D.14)     .5942                  (X_U5D.53)   10.5000                      

(X_U5D.54)  -11.1780                  (X_U5D.90) 435.6E-06                      

(X_U5D.91)   40.0000                  (X_U5D.92)  -40.0000                      

(X_U5D.99)    0.0000                  (X_U6A.10)     .6081                      

(X_U6A.11)  -11.9600                  (X_U6A.12)  -11.9600                      

(X_U6A.13)     .5942                  (X_U6A.14)     .5942                      

(X_U6A.53)   10.5000                  (X_U6A.54)  -11.1780                      

(X_U6A.90)     .0018                  (X_U6A.91)   40.0000                      

(X_U6A.92)  -40.0000                  (X_U6A.99)    0.0000                      

(X_U6B.10)     .6090                  (X_U6B.11)  -11.9600                      

(X_U6B.12)  -11.9600                  (X_U6B.13)     .5951                      

(X_U6B.14)     .5952                  (X_U6B.53)   10.5000                      

(X_U6B.54)  -11.1780                  (X_U6B.90) 34.17E-06                      

(X_U6B.91)   40.0000                  (X_U6B.92)  -40.0000                      

(X_U6B.99)    0.0000                  (X_U6C.10)     .6094                      

(X_U6C.11)  -11.9600                  (X_U6C.12)  -11.9600                      

(X_U6C.13)     .5955                  (X_U6C.14)     .5956                      

(X_U6C.53)   10.5000                  (X_U6C.54)  -11.1780                      

(X_U6C.90)     .0025                  (X_U6C.91)   40.0000                      

(X_U6C.92)  -40.0000                  (X_U6C.99)    0.0000                      

(X_U7B.10)     .6083                  (X_U7B.11)  -11.9600                      

(X_U7B.12)  -11.9600                  (X_U7B.13)     .5944                      

(X_U7B.14)     .5945                  (X_U7B.53)   10.5000                      

(X_U7B.54)  -11.1780                  (X_U7B.90)-37.38E-06                      

(X_U7B.91)   40.0000                  (X_U7B.92)  -40.0000                      

(X_U7B.99)    0.0000                  (X_U7C.10)     .6086                      

(X_U7C.11)  -11.9600                  (X_U7C.12)  -11.9600                      

(X_U7C.13)     .5947                  (X_U7C.14)     .5948                      

(X_U7C.53)   10.5000                  (X_U7C.54)  -11.1780                      

(X_U7C.90) 50.39E-06                  (X_U7C.91)   40.0000                      

(X_U7C.92)  -40.0000                  (X_U7C.99)    0.0000                      

(X_U7D.10)     .4623                  (X_U7D.11)  -11.9600                      

(X_U7D.12)  -11.9600                  (X_U7D.13)     .4484                      

(X_U7D.14)     .4484                  (X_U7D.53)   10.5000                      

(X_U7D.54)  -11.1780                  (X_U7D.90)    -.1456                      

(X_U7D.91)   40.0000                  (X_U7D.92)  -40.0000                      

(X_U7D.99)    0.0000                  




    VOLTAGE SOURCE CURRENTS
    NAME         CURRENT

    V_ui1       -1.454E-04
    V_V1        -2.659E-03
    V_V2         1.455E-04
    V_V3         2.804E-03
    V_V7         2.819E-03
    V_V8        -2.659E-03
    V_V10       -2.659E-03
    V_V9         2.659E-03
    V_V11       -1.597E-02
    V_V29        4.495E-08
    V_V27       -2.661E-03
    V_V28        2.659E-03
    V_V25       -2.659E-03
    V_V26        2.659E-03
    V_V30        2.659E-03
    V_V31       -2.661E-03
    V_V32       -2.659E-03
    V_V33        2.659E-03
    V_V34        0.000E+00
    V_V37       -2.659E-03
    V_V35        2.659E-03
    V_V36       -2.659E-03
    V_V38        2.659E-03
    V_V42        2.804E-03
    V_V41        1.455E-04
    V_V40       -2.659E-03
    V_ui2       -1.454E-04
    X_U1A.vb     3.039E-09
    X_U1A.vc     1.210E-11
    X_U1A.ve     9.768E-12
    X_U1A.vlim  -1.456E-04
    X_U1A.vlp   -4.015E-11
    X_U1A.vln   -3.986E-11
    X_U1B.vb     3.341E-09
    X_U1B.vc     1.226E-11
    X_U1B.ve     9.154E-12
    X_U1B.vlim  -1.601E-04
    X_U1B.vlp   -4.016E-11
    X_U1B.vln   -3.984E-11
    X_U2B.vb    -1.003E-12
    X_U2B.vc     1.050E-11
    X_U2B.ve     1.091E-11
    X_U2B.vlim   6.376E-09
    X_U2B.vlp   -4.000E-11
    X_U2B.vln   -4.000E-11
    X_U2C.vb    -1.562E-05
    X_U2C.vc    -2.638E-02
    X_U2C.ve     1.340E-11
    X_U2C.vlim   4.061E-02
    X_U2C.vlp    1.523E-05
    X_U2C.vln   -8.062E-11
    X_U6A.vb    -3.227E-12
    X_U6A.vc     1.050E-11
    X_U6A.ve     1.137E-11
    X_U6A.vlim   1.826E-06
    X_U6A.vlp   -4.000E-11
    X_U6A.vln   -4.001E-11
    X_U5D.vb    -5.076E-12
    X_U5D.vc     1.050E-11
    X_U5D.ve     1.092E-11
    X_U5D.vlim   4.356E-07
    X_U5D.vlp   -4.000E-11
    X_U5D.vln   -4.000E-11
    X_U6B.vb    -3.190E-12
    X_U6B.vc     1.050E-11
    X_U6B.ve     1.092E-11
    X_U6B.vlim   3.417E-08
    X_U6B.vlp   -4.000E-11
    X_U6B.vln   -4.000E-11
    X_U6C.vb    -4.831E-12
    X_U6C.vc     1.050E-11
    X_U6C.ve     1.092E-11
    X_U6C.vlim   2.494E-06
    X_U6C.vlp   -4.000E-11
    X_U6C.vln   -4.001E-11
    X_U7C.vb    -2.031E-12
    X_U7C.vc     1.050E-11
    X_U7C.ve     1.092E-11
    X_U7C.vlim   5.039E-08
    X_U7C.vlp   -4.000E-11
    X_U7C.vln   -4.000E-11
    X_U7B.vb    -1.062E-12
    X_U7B.vc     1.050E-11
    X_U7B.ve     1.091E-11
    X_U7B.vlim  -3.738E-08
    X_U7B.vlp   -4.000E-11
    X_U7B.vln   -4.000E-11
    X_U7D.vb     3.039E-09
    X_U7D.vc     1.210E-11
    X_U7D.ve     9.313E-12
    X_U7D.vlim  -1.456E-04
    X_U7D.vlp   -4.015E-11
    X_U7D.vln   -3.986E-11

    TOTAL POWER DISSIPATION   9.23E-01  WATTS



          JOB CONCLUDED

**** 12/19/24 15:30:31 ***** PSpice 16.6.0 (October 2012) ***** ID# 0 ********

 ** Profile: "SCHEMATIC1-bias"  [ C:\Cadence\SPB_16.6\tools\capture\adder_fillter_comparator-pspicefiles\schematic1\bias.sim ] 


 ****     JOB STATISTICS SUMMARY


******************************************************************************



  Total job time (using Solver 1)   =         .16
