
**** 12/19/24 18:55:38 ***** PSpice 16.6.0 (October 2012) ***** ID# 0 ********

 ** Profile: "SCHEMATIC1-schematic2"  [ C:\Cadence\SPB_16.6\tools\capture\adder_fillter_comparator-pspicefiles\schematic1\schematic2.


 ****     CIRCUIT DESCRIPTION


******************************************************************************




** Creating circuit file "schematic2.cir" 
** WARNING: THIS AUTOMATICALLY GENERATED FILE MAY BE OVERWRITTEN BY SUBSEQUENT SIMULATIONS

*Libraries: 
* Profile Libraries :
* Local Libraries :
* From [PSPICE NETLIST] section of C:\Cadence\SPB_Data\cdssetup\OrCAD_PSpice/16.6.0/PSpice.ini file:
.lib "nom.lib" 

*Analysis directives: 
.TRAN  0 5ms 0 
.OPTIONS ADVCONV
.PROBE64 V(alias(*)) I(alias(*)) W(alias(*)) D(alias(*)) NOISE(alias(*)) 
.INC "..\SCHEMATIC1.net" 



**** INCLUDING SCHEMATIC1.net ****
* source ADDER_FILLTER_COMPARATOR
X_U6B         N18295 N18389 N180183 N180184 N18309 LM324
X_U6C         N18317 N18358 N18741 N18748 N18344 LM324
C_C9         N18425 N18401  10n  
C_C10         N18401 N18295  10n  
C_C11         N18313 N18344  10n  
C_C12         0 N18317  10n  
R_R47         N18401 N18309  8k  
R_R48         0 N18295  8k  
R_R49         N18389 N18309  5.7k  
R_R50         0 N18389  10k  
R_R51         N18309 N18313  7.2k  
R_R52         N18313 N18317  7.2k  
R_R53         N18358 N18344  5.7k  
R_R54         0 N18358  10k  
V_V30         N18748 0 -12
V_V31         N18741 0 12
V_V32         N180183 0 12
V_V33         N180184 0 -12
R_R55         0 N18344  1k  
V_V34         N18425 0 DC 0Vdc AC 1Vac 
R_R85         N31017 UO1  10k TC=0,0 
V_V49         N31101 0 -12
R_R84         N30967 UO1  1k TC=0,0 
V_ui3         N30967 0  AC 0
+SIN 0 0.1 500 0 0 0
R_R86         0 N31055  1k TC=0,0 
R_R87         N31055 UI2  10k TC=0,0 
V_V47         N30763 0 12
X_U9D         UO1 N31055 N30763 N31101 UI2 LM324
V_V48         N31017 0  
+PULSE -1.6 1.6 0 0.25m 0.25m 0 0.5m
V_V53         N318714 0 -12
R_R91         N32091 N32095  7.2k  
C_C22         N32091 UO2  10n  
C_C20         UI2 N32129  10n  
X_U10B         N32073 N32165 N318713 N318714 N31853 LM324
R_R88         N32129 N31853  8k  
R_R90         N31853 N32091  7.2k  
R_R93         0 N32165  10k  
R_R95         0 N32459  10k  
C_C23         0 N32095  10n  
R_R94         N32459 UO2  5k  
R_R92         N32165 N31853  5k  
C_C21         N32129 N32073  10n  
V_V51         N32305 0 12
V_V50         N32315 0 -12
R_R89         0 N32073  8k  
X_U10C         N32095 N32459 N32305 N32315 UO2 LM324
V_V52         N318713 0 12
R_R97         UO2 N32787  100k  
V_V54         N32941 0 12
R_R99         N32901 0  1k  
R_R98         0 N32861  1k  
C_C24         N32879 N32901  100u  
X_U11C         N32787 N32861 N32941 0 N32879 LM324
R_R96         UO1 N32787  100k  
R_R46         0 N34004  1k  
V_V25         N34200 0 12
V_V29         N34080 0 DC 0Vdc AC 1 
R_R43         N33990 N34004  5k  
R_R40         N33912 N33960  5k  
V_V27         N34228 0 12
R_R44         N33990 0  1k  
R_R42         0 N33980  11k  
X_U6A         N33980 N33990 N34228 N34238 N34004 LM324
C_C8         N33960 N33980  10n  
X_U5D         N33912 N34038 N34200 N34218 N33960 LM324
R_R41         N34080 N34038  6.4k  
R_R45         0 N33912  1k  
C_C7         0 N34038  10n  
V_V26         N34218 0 -12
V_V28         N34238 0 -12

**** RESUMING schematic2.cir ****
.END

**** 12/19/24 18:55:38 ***** PSpice 16.6.0 (October 2012) ***** ID# 0 ********

 ** Profile: "SCHEMATIC1-schematic2"  [ C:\Cadence\SPB_16.6\tools\capture\adder_fillter_comparator-pspicefiles\schematic1\schematic2.


 ****     Diode MODEL PARAMETERS


******************************************************************************




               X_U6B.dx        X_U6B.dy        X_U6C.dx        X_U6C.dy        
          IS  800.000000E-18  800.000000E-18  800.000000E-18  800.000000E-18 
          RS    1               1.000000E-03    1               1.000000E-03 
         CJO                   10.000000E-12                   10.000000E-12 


               X_U9D.dx        X_U9D.dy        X_U10B.dx       X_U10B.dy       
          IS  800.000000E-18  800.000000E-18  800.000000E-18  800.000000E-18 
          RS    1               1.000000E-03    1               1.000000E-03 
         CJO                   10.000000E-12                   10.000000E-12 


               X_U10C.dx       X_U10C.dy       X_U11C.dx       X_U11C.dy       
          IS  800.000000E-18  800.000000E-18  800.000000E-18  800.000000E-18 
          RS    1               1.000000E-03    1               1.000000E-03 
         CJO                   10.000000E-12                   10.000000E-12 


               X_U6A.dx        X_U6A.dy        X_U5D.dx        X_U5D.dy        
          IS  800.000000E-18  800.000000E-18  800.000000E-18  800.000000E-18 
          RS    1               1.000000E-03    1               1.000000E-03 
         CJO                   10.000000E-12                   10.000000E-12 


**** 12/19/24 18:55:38 ***** PSpice 16.6.0 (October 2012) ***** ID# 0 ********

 ** Profile: "SCHEMATIC1-schematic2"  [ C:\Cadence\SPB_16.6\tools\capture\adder_fillter_comparator-pspicefiles\schematic1\schematic2.


 ****     BJT MODEL PARAMETERS


******************************************************************************




               X_U6B.qx        X_U6C.qx        X_U9D.qx        X_U10B.qx       
               PNP             PNP             PNP             PNP             
       LEVEL    1               1               1               1            
          IS  800.000000E-18  800.000000E-18  800.000000E-18  800.000000E-18 
          BF  166.7           166.7           166.7           166.7          
          NF    1               1               1               1            
          BR    1               1               1               1            
          NR    1               1               1               1            
         ISS    0               0               0               0            
          RE    0               0               0               0            
          RC    0               0               0               0            
         CJE    0               0               0               0            
         VJE     .75             .75             .75             .75         
         CJC    0               0               0               0            
         VJC     .75             .75             .75             .75         
         MJC     .33             .33             .33             .33         
        XCJC    1               1               1               1            
         CJS    0               0               0               0            
         VJS     .75             .75             .75             .75         
          KF    0               0               0               0            
          AF    1               1               1               1            
          CN    2.2             2.2             2.2             2.2          
           D     .52             .52             .52             .52         


               X_U10C.qx       X_U11C.qx       X_U6A.qx        X_U5D.qx        
               PNP             PNP             PNP             PNP             
       LEVEL    1               1               1               1            
          IS  800.000000E-18  800.000000E-18  800.000000E-18  800.000000E-18 
          BF  166.7           166.7           166.7           166.7          
          NF    1               1               1               1            
          BR    1               1               1               1            
          NR    1               1               1               1            
         ISS    0               0               0               0            
          RE    0               0               0               0            
          RC    0               0               0               0            
         CJE    0               0               0               0            
         VJE     .75             .75             .75             .75         
         CJC    0               0               0               0            
         VJC     .75             .75             .75             .75         
         MJC     .33             .33             .33             .33         
        XCJC    1               1               1               1            
         CJS    0               0               0               0            
         VJS     .75             .75             .75             .75         
          KF    0               0               0               0            
          AF    1               1               1               1            
          CN    2.2             2.2             2.2             2.2          
           D     .52             .52             .52             .52         


**** 12/19/24 18:55:38 ***** PSpice 16.6.0 (October 2012) ***** ID# 0 ********

 ** Profile: "SCHEMATIC1-schematic2"  [ C:\Cadence\SPB_16.6\tools\capture\adder_fillter_comparator-pspicefiles\schematic1\schematic2.


 ****     Current Controlled Switch MODEL PARAMETERS


******************************************************************************




               X_U6B.sw2       X_U6B.sw1       X_U6B.sw3       X_U6B.sw4       
         RON    1               1               1               1            
        ROFF   10.000000E+06   10.000000E+06   10.000000E+06   10.000000E+06 
         ION    0              -1.000000E-06   -1.000000E-06    0            
        IOFF   -1.000000E-06    0               0              -1.000000E-06 


               X_U6C.sw2       X_U6C.sw1       X_U6C.sw3       X_U6C.sw4       
         RON    1               1               1               1            
        ROFF   10.000000E+06   10.000000E+06   10.000000E+06   10.000000E+06 
         ION    0              -1.000000E-06   -1.000000E-06    0            
        IOFF   -1.000000E-06    0               0              -1.000000E-06 


               X_U9D.sw2       X_U9D.sw1       X_U9D.sw3       X_U9D.sw4       
         RON    1               1               1               1            
        ROFF   10.000000E+06   10.000000E+06   10.000000E+06   10.000000E+06 
         ION    0              -1.000000E-06   -1.000000E-06    0            
        IOFF   -1.000000E-06    0               0              -1.000000E-06 


               X_U10B.sw2      X_U10B.sw1      X_U10B.sw3      X_U10B.sw4      
         RON    1               1               1               1            
        ROFF   10.000000E+06   10.000000E+06   10.000000E+06   10.000000E+06 
         ION    0              -1.000000E-06   -1.000000E-06    0            
        IOFF   -1.000000E-06    0               0              -1.000000E-06 


               X_U10C.sw2      X_U10C.sw1      X_U10C.sw3      X_U10C.sw4      
         RON    1               1               1               1            
        ROFF   10.000000E+06   10.000000E+06   10.000000E+06   10.000000E+06 
         ION    0              -1.000000E-06   -1.000000E-06    0            
        IOFF   -1.000000E-06    0               0              -1.000000E-06 


               X_U11C.sw2      X_U11C.sw1      X_U11C.sw3      X_U11C.sw4      
         RON    1               1               1               1            
        ROFF   10.000000E+06   10.000000E+06   10.000000E+06   10.000000E+06 
         ION    0              -1.000000E-06   -1.000000E-06    0            
        IOFF   -1.000000E-06    0               0              -1.000000E-06 


               X_U6A.sw2       X_U6A.sw1       X_U6A.sw3       X_U6A.sw4       
         RON    1               1               1               1            
        ROFF   10.000000E+06   10.000000E+06   10.000000E+06   10.000000E+06 
         ION    0              -1.000000E-06   -1.000000E-06    0            
        IOFF   -1.000000E-06    0               0              -1.000000E-06 


               X_U5D.sw2       X_U5D.sw1       X_U5D.sw3       X_U5D.sw4       
         RON    1               1               1               1            
        ROFF   10.000000E+06   10.000000E+06   10.000000E+06   10.000000E+06 
         ION    0              -1.000000E-06   -1.000000E-06    0            
        IOFF   -1.000000E-06    0               0              -1.000000E-06 


**** 12/19/24 18:55:38 ***** PSpice 16.6.0 (October 2012) ***** ID# 0 ********

 ** Profile: "SCHEMATIC1-schematic2"  [ C:\Cadence\SPB_16.6\tools\capture\adder_fillter_comparator-pspicefiles\schematic1\schematic2.


 ****     INITIAL TRANSIENT SOLUTION       TEMPERATURE =   27.000 DEG C


******************************************************************************



 NODE   VOLTAGE     NODE   VOLTAGE     NODE   VOLTAGE     NODE   VOLTAGE


(  UI2)   -1.5938  (  UO1)    -.1447  (  UO2) 487.1E-06  (N18295) 357.9E-06     

(N18309) 3.223E-06 (N18313) 325.3E-06 (N18317) 647.4E-06 (N18344) 457.6E-06     

(N18358) 454.7E-06 (N18389) 165.3E-06 (N18401) 3.223E-06 (N18425)    0.0000     

(N18741)   12.0000 (N18748)  -12.0000 (N30763)   12.0000 (N30967)    0.0000     

(N31017)   -1.6000 (N31055)    -.1448 (N31101)  -12.0000 (N31853) 23.12E-06     

(N32073) 357.9E-06 (N32091) 345.2E-06 (N32095) 667.3E-06 (N32129) 23.12E-06     

(N32165) 165.3E-06 (N32305)   12.0000 (N32315)  -12.0000 (N32459) 474.6E-06     

(N32787)    -.0681 (N32861) 12.74E-06 (N32879)     .0057 (N32901)    0.0000     

(N32941)   12.0000 (N33912) 480.4E-06 (N33960)     .0027 (N33980) 492.1E-06     

(N33990) 299.4E-06 (N34004)     .0016 (N34038) 287.7E-06 (N34080)    0.0000     

(N34200)   12.0000 (N34218)  -12.0000 (N34228)   12.0000 (N34238)  -12.0000     

(N180183)   12.0000                   (N180184)  -12.0000                       

(N318713)   12.0000                   (N318714)  -12.0000                       

(X_U5D.6)-507.7E-09                   (X_U5D.7)     .0027                       

(X_U5D.8)     .0027                   (X_U5D.9)    0.0000                       

(X_U5D.a)   12.0000                   (X_U5D.b)-1.636E-06                       

(X_U6A.6)-322.7E-09                   (X_U6A.7)     .0017                       

(X_U6A.8)     .0017                   (X_U6A.9)    0.0000                       

(X_U6A.a)   12.0000                   (X_U6A.b)-3.026E-06                       

(X_U6B.6) 101.2E-12                   (X_U6B.7)-434.6E-09                       

(X_U6B.8)-434.6E-09                   (X_U6B.9)    0.0000                       

(X_U6B.a)   12.0000                   (X_U6B.b)-1.870E-06                       

(X_U6C.6)-93.09E-09                   (X_U6C.7) 480.5E-06                       

(X_U6C.8) 480.5E-06                   (X_U6C.9)    0.0000                       

(X_U6C.a)   12.0000                   (X_U6C.b)-1.658E-06                       

(X_U9D.6) 302.5E-06                   (X_U9D.7)   -1.6010                       

(X_U9D.8)   -1.6010                   (X_U9D.9)    0.0000                       

(X_U9D.a) 146.1E-06                   (X_U9D.b)  -12.0000                       

(X_U10B.6)-3.574E-09                  (X_U10B.7) 19.46E-06                      

(X_U10B.8) 19.46E-06                  (X_U10B.9)    0.0000                      

(X_U10B.a)   12.0000                  (X_U10B.b)-1.870E-06                      

(X_U10C.6)-102.0E-09                  (X_U10C.7) 521.5E-06                      

(X_U10C.8) 521.5E-06                  (X_U10C.9)    0.0000                      

(X_U10C.a)   12.0000                  (X_U10C.b)-1.889E-06                      

(X_U11C.6)    1.0837                  (X_U11C.7)   -2.0243                      

(X_U11C.8)   -2.0243                  (X_U11C.9)    0.0000                      

(X_U11C.a)     .0406                  (X_U11C.b)     .0406                      

(X_U5D.10)     .6081                  (X_U5D.11)  -11.9600                      

(X_U5D.12)  -11.9600                  (X_U5D.13)     .5941                      

(X_U5D.14)     .5942                  (X_U5D.53)   10.5000                      

(X_U5D.54)  -11.1780                  (X_U5D.90) 435.6E-06                      

(X_U5D.91)   40.0000                  (X_U5D.92)  -40.0000                      

(X_U5D.99)    0.0000                  (X_U6A.10)     .6081                      

(X_U6A.11)  -11.9600                  (X_U6A.12)  -11.9600                      

(X_U6A.13)     .5942                  (X_U6A.14)     .5942                      

(X_U6A.53)   10.5000                  (X_U6A.54)  -11.1780                      

(X_U6A.90)     .0018                  (X_U6A.91)   40.0000                      

(X_U6A.92)  -40.0000                  (X_U6A.99)    0.0000                      

(X_U6B.10)     .6079                  (X_U6B.11)  -11.9600                      

(X_U6B.12)  -11.9600                  (X_U6B.13)     .5940                      

(X_U6B.14)     .5941                  (X_U6B.53)   10.5000                      

(X_U6B.54)  -11.1780                  (X_U6B.90)-73.16E-06                      

(X_U6B.91)   40.0000                  (X_U6B.92)  -40.0000                      

(X_U6B.99)    0.0000                  (X_U6C.10)     .6082                      

(X_U6C.11)  -11.9600                  (X_U6C.12)  -11.9600                      

(X_U6C.13)     .5943                  (X_U6C.14)     .5944                      

(X_U6C.53)   10.5000                  (X_U6C.54)  -11.1780                      

(X_U6C.90) 458.1E-06                  (X_U6C.91)   40.0000                      

(X_U6C.92)  -40.0000                  (X_U6C.99)    0.0000                      

(X_U9D.10)     .4629                  (X_U9D.11)  -11.9600                      

(X_U9D.12)  -11.9600                  (X_U9D.13)     .4490                      

(X_U9D.14)     .4491                  (X_U9D.53)   10.5000                      

(X_U9D.54)  -11.1780                  (X_U9D.90)    -.1449                      

(X_U9D.91)   40.0000                  (X_U9D.92)  -40.0000                      

(X_U9D.99)    0.0000                  (X_U10B.10)     .6079                     

(X_U10B.11)  -11.9600                 (X_U10B.12)  -11.9600                     

(X_U10B.13)     .5940                 (X_U10B.14)     .5941                     

(X_U10B.53)   10.5000                 (X_U10B.54)  -11.1780                     

(X_U10B.90)-73.16E-06                 (X_U10B.91)   40.0000                     

(X_U10B.92)  -40.0000                 (X_U10B.99)    0.0000                     

(X_U10C.10)     .6082                 (X_U10C.11)  -11.9600                     

(X_U10C.12)  -11.9600                 (X_U10C.13)     .5943                     

(X_U10C.14)     .5944                 (X_U10C.53)   10.5000                     

(X_U10C.54)  -11.1780                 (X_U10C.90) 688.7E-06                     

(X_U10C.91)   40.0000                 (X_U10C.92)  -40.0000                     

(X_U10C.99)    0.0000                 (X_U11C.10)     .5652                     

(X_U11C.11)     .0113                 (X_U11C.12)     .0705                     

(X_U11C.13)     .5612                 (X_U11C.14)     .5405                     

(X_U11C.53)   10.5000                 (X_U11C.54)     .8220                     

(X_U11C.90)  -40.6000                 (X_U11C.91)   40.0000                     

(X_U11C.92)  -40.0000                 (X_U11C.99)    6.0000                 




    VOLTAGE SOURCE CURRENTS
    NAME         CURRENT

    V_V30        2.659E-03
    V_V31       -2.659E-03
    V_V32       -2.659E-03
    V_V33        2.659E-03
    V_V34        0.000E+00
    V_V49        2.804E-03
    V_ui3       -1.447E-04
    V_V47       -2.659E-03
    V_V48        1.455E-04
    V_V53        2.659E-03
    V_V51       -2.660E-03
    V_V50        2.659E-03
    V_V52       -2.659E-03
    V_V54       -1.338E-03
    V_V25       -2.659E-03
    V_V29        4.495E-08
    V_V27       -2.661E-03
    V_V26        2.659E-03
    V_V28        2.659E-03
    X_U6B.vb     1.012E-15
    X_U6B.vc     1.050E-11
    X_U6B.ve     1.137E-11
    X_U6B.vlim  -7.316E-08
    X_U6B.vlp   -4.000E-11
    X_U6B.vln   -4.000E-11
    X_U6C.vb    -9.309E-13
    X_U6C.vc     1.050E-11
    X_U6C.ve     1.091E-11
    X_U6C.vlim   4.581E-07
    X_U6C.vlp   -4.000E-11
    X_U6C.vln   -4.000E-11
    X_U9D.vb     3.025E-09
    X_U9D.vc     1.209E-11
    X_U9D.ve     9.320E-12
    X_U9D.vlim  -1.449E-04
    X_U9D.vlp   -4.015E-11
    X_U9D.vln   -3.986E-11
    X_U10B.vb   -3.574E-14
    X_U10B.vc    1.050E-11
    X_U10B.ve    1.144E-11
    X_U10B.vlim  -7.316E-08
    X_U10B.vlp  -4.000E-11
    X_U10B.vln  -4.000E-11
    X_U10C.vb   -1.020E-12
    X_U10C.vc    1.050E-11
    X_U10C.ve    1.091E-11
    X_U10C.vlim   6.887E-07
    X_U10C.vlp  -4.000E-11
    X_U10C.vln  -4.001E-11
    X_U11C.vb    1.084E-05
    X_U11C.vc    1.050E-11
    X_U11C.ve   -4.060E-02
    X_U11C.vlim  -4.060E-02
    X_U11C.vlp  -8.060E-11
    X_U11C.vln   9.450E-06
    X_U6A.vb    -3.227E-12
    X_U6A.vc     1.050E-11
    X_U6A.ve     1.092E-11
    X_U6A.vlim   1.826E-06
    X_U6A.vlp   -4.000E-11
    X_U6A.vln   -4.001E-11
    X_U5D.vb    -5.077E-12
    X_U5D.vc     1.050E-11
    X_U5D.ve     1.092E-11
    X_U5D.vlim   4.356E-07
    X_U5D.vlp   -4.000E-11
    X_U5D.vln   -4.000E-11

    TOTAL POWER DISSIPATION   4.98E-01  WATTS



          JOB CONCLUDED

**** 12/19/24 18:55:38 ***** PSpice 16.6.0 (October 2012) ***** ID# 0 ********

 ** Profile: "SCHEMATIC1-schematic2"  [ C:\Cadence\SPB_16.6\tools\capture\adder_fillter_comparator-pspicefiles\schematic1\schematic2.


 ****     JOB STATISTICS SUMMARY


******************************************************************************



  Total job time (using Solver 1)   =        3.13
